2023-08-02 12:14:47,593 - INFO - Initiating...
2023-08-02 12:14:47,600 - INFO - Data has been got with sucess.
2023-08-02 12:15:28,754 - INFO - Selecting Class <class 'webscraper.web_scrapper_serial_consult.WebScrapperSerialConsult'> for id 01.
2023-08-02 12:16:02,113 - INFO - Starting webdriver.
2023-08-02 12:16:04,225 - WARNING - Error on instaling latest webdriver version. Initiating with last stable version: 114.0.5735.90
2023-08-02 12:16:13,634 - INFO - Setting web Session configuration.
2023-08-02 12:16:13,760 - INFO - Setting web Session configuration Done.
2023-08-02 12:17:01,832 - INFO - Searching for session element.
2023-08-02 12:17:11,869 - WARNING - Not found: Message: no such element: Unable to locate element: {"method":"xpath","selector":"/html/body/form/table[1]/tbody/tr[1]/td[1]/table/tbody/tr/td/table/tbody/tr/td/table/tbody/tr[1]/td[3]/table/tbody/tr[1]/td[1]/font/b"}
  (Session info: chrome=115.0.5790.110); For documentation on this error, please visit: https://www.selenium.dev/documentation/webdriver/troubleshooting/errors#no-such-element-exception
Stacktrace:
Backtrace:
	GetHandleVerifier [0x00E3A813+48355]
	(No symbol) [0x00DCC4B1]
	(No symbol) [0x00CD5358]
	(No symbol) [0x00D009A5]
	(No symbol) [0x00D00B3B]
	(No symbol) [0x00D2E232]
	(No symbol) [0x00D1A784]
	(No symbol) [0x00D2C922]
	(No symbol) [0x00D1A536]
	(No symbol) [0x00CF82DC]
	(No symbol) [0x00CF93DD]
	GetHandleVerifier [0x0109AABD+2539405]
	GetHandleVerifier [0x010DA78F+2800735]
	GetHandleVerifier [0x010D456C+2775612]
	GetHandleVerifier [0x00EC51E0+616112]
	(No symbol) [0x00DD5F8C]
	(No symbol) [0x00DD2328]
	(No symbol) [0x00DD240B]
	(No symbol) [0x00DC4FF7]
	BaseThreadInitThunk [0x76E700C9+25]
	RtlGetAppContainerNamedObjectPath [0x77B57B1E+286]
	RtlGetAppContainerNamedObjectPath [0x77B57AEE+238]

2023-08-02 12:17:21,912 - WARNING - Not found: Message: no such element: Unable to locate element: {"method":"xpath","selector":"/html/body/table/tbody/tr[1]/td/table/tbody/tr/td/table/tbody/tr/td/table/tbody/tr[1]/td[3]/table/tbody/tr[1]/td[1]/font/b"}
  (Session info: chrome=115.0.5790.110); For documentation on this error, please visit: https://www.selenium.dev/documentation/webdriver/troubleshooting/errors#no-such-element-exception
Stacktrace:
Backtrace:
	GetHandleVerifier [0x00E3A813+48355]
	(No symbol) [0x00DCC4B1]
	(No symbol) [0x00CD5358]
	(No symbol) [0x00D009A5]
	(No symbol) [0x00D00B3B]
	(No symbol) [0x00D2E232]
	(No symbol) [0x00D1A784]
	(No symbol) [0x00D2C922]
	(No symbol) [0x00D1A536]
	(No symbol) [0x00CF82DC]
	(No symbol) [0x00CF93DD]
	GetHandleVerifier [0x0109AABD+2539405]
	GetHandleVerifier [0x010DA78F+2800735]
	GetHandleVerifier [0x010D456C+2775612]
	GetHandleVerifier [0x00EC51E0+616112]
	(No symbol) [0x00DD5F8C]
	(No symbol) [0x00DD2328]
	(No symbol) [0x00DD240B]
	(No symbol) [0x00DC4FF7]
	BaseThreadInitThunk [0x76E700C9+25]
	RtlGetAppContainerNamedObjectPath [0x77B57B1E+286]
	RtlGetAppContainerNamedObjectPath [0x77B57AEE+238]

2023-08-02 12:17:21,916 - INFO - No element has been found. Session is not logged.
2023-08-02 12:17:21,916 - INFO - Initiating new web session.
2023-08-02 12:18:38,637 - INFO - Selecting by id the option 0:  tag_name base
2023-08-02 12:18:38,768 - INFO - Selection Done.
2023-08-02 12:18:39,683 - INFO - Login has been Done.
2023-08-02 12:18:41,078 - INFO - Getting table datas.
2023-08-02 12:19:01,270 - INFO - Selecting Class <class 'webscraper.web_scrapper_serial_consult.WebScrapperSerialConsult'> for id 03.
2023-08-02 12:19:33,535 - INFO - Searching for session element.
2023-08-02 12:19:43,569 - WARNING - Not found: Message: no such element: Unable to locate element: {"method":"xpath","selector":"/html/body/form/table[1]/tbody/tr[1]/td[1]/table/tbody/tr/td/table/tbody/tr/td/table/tbody/tr[1]/td[3]/table/tbody/tr[1]/td[1]/font/b"}
  (Session info: chrome=115.0.5790.110); For documentation on this error, please visit: https://www.selenium.dev/documentation/webdriver/troubleshooting/errors#no-such-element-exception
Stacktrace:
Backtrace:
	GetHandleVerifier [0x00E3A813+48355]
	(No symbol) [0x00DCC4B1]
	(No symbol) [0x00CD5358]
	(No symbol) [0x00D009A5]
	(No symbol) [0x00D00B3B]
	(No symbol) [0x00D2E232]
	(No symbol) [0x00D1A784]
	(No symbol) [0x00D2C922]
	(No symbol) [0x00D1A536]
	(No symbol) [0x00CF82DC]
	(No symbol) [0x00CF93DD]
	GetHandleVerifier [0x0109AABD+2539405]
	GetHandleVerifier [0x010DA78F+2800735]
	GetHandleVerifier [0x010D456C+2775612]
	GetHandleVerifier [0x00EC51E0+616112]
	(No symbol) [0x00DD5F8C]
	(No symbol) [0x00DD2328]
	(No symbol) [0x00DD240B]
	(No symbol) [0x00DC4FF7]
	BaseThreadInitThunk [0x76E700C9+25]
	RtlGetAppContainerNamedObjectPath [0x77B57B1E+286]
	RtlGetAppContainerNamedObjectPath [0x77B57AEE+238]

2023-08-02 12:19:43,587 - INFO - Session element has been found: /html/body/table/tbody/tr[1]/td/table/tbody/tr/td/table/tbody/tr/td/table/tbody/tr[1]/td[3]/table/tbody/tr[1]/td[1]/font/b
2023-08-02 12:19:44,508 - INFO - Getting table datas.
2023-08-02 15:36:16,869 - INFO - Initiating...
2023-08-02 15:36:16,870 - INFO - Data has been got with sucess.
2023-08-02 15:37:44,174 - INFO - Initiating...
2023-08-02 15:37:44,175 - INFO - Data has been got with sucess.
2023-08-02 15:39:00,672 - INFO - Initiating...
2023-08-02 15:39:00,673 - INFO - Data has been got with sucess.
2023-08-02 15:40:25,050 - INFO - Initiating...
2023-08-02 15:40:25,052 - INFO - Data has been got with sucess.
2023-08-02 15:40:45,952 - INFO - Initiating...
2023-08-02 15:40:45,954 - INFO - Data has been got with sucess.
2023-08-02 15:43:47,540 - INFO - Initiating...
2023-08-02 15:43:47,547 - INFO - Data has been got with sucess.
2023-08-02 15:44:15,568 - INFO - Selecting Class <class 'webscraper.web_scrapper_serial_consult.WebScrapperSerialConsult'> for id 01.
2023-08-02 15:44:28,439 - INFO - Starting webdriver.
2023-08-02 15:44:30,496 - WARNING - Error on instaling latest webdriver version. Initiating with last stable version: 114.0.5735.90
2023-08-02 15:44:31,955 - INFO - Setting web Session configuration.
2023-08-02 15:44:32,087 - INFO - Setting web Session configuration Done.
2023-08-02 15:44:44,037 - INFO - Searching for session element.
2023-08-02 15:44:54,088 - WARNING - Not found: Message: no such element: Unable to locate element: {"method":"xpath","selector":"/html/body/form/table[1]/tbody/tr[1]/td[1]/table/tbody/tr/td/table/tbody/tr/td/table/tbody/tr[1]/td[3]/table/tbody/tr[1]/td[1]/font/b"}
  (Session info: chrome=115.0.5790.110); For documentation on this error, please visit: https://www.selenium.dev/documentation/webdriver/troubleshooting/errors#no-such-element-exception
Stacktrace:
Backtrace:
	GetHandleVerifier [0x00E3A813+48355]
	(No symbol) [0x00DCC4B1]
	(No symbol) [0x00CD5358]
	(No symbol) [0x00D009A5]
	(No symbol) [0x00D00B3B]
	(No symbol) [0x00D2E232]
	(No symbol) [0x00D1A784]
	(No symbol) [0x00D2C922]
	(No symbol) [0x00D1A536]
	(No symbol) [0x00CF82DC]
	(No symbol) [0x00CF93DD]
	GetHandleVerifier [0x0109AABD+2539405]
	GetHandleVerifier [0x010DA78F+2800735]
	GetHandleVerifier [0x010D456C+2775612]
	GetHandleVerifier [0x00EC51E0+616112]
	(No symbol) [0x00DD5F8C]
	(No symbol) [0x00DD2328]
	(No symbol) [0x00DD240B]
	(No symbol) [0x00DC4FF7]
	BaseThreadInitThunk [0x76E700C9+25]
	RtlGetAppContainerNamedObjectPath [0x77B57B1E+286]
	RtlGetAppContainerNamedObjectPath [0x77B57AEE+238]

2023-08-02 15:45:04,105 - WARNING - Not found: Message: no such element: Unable to locate element: {"method":"xpath","selector":"/html/body/table/tbody/tr[1]/td/table/tbody/tr/td/table/tbody/tr/td/table/tbody/tr[1]/td[3]/table/tbody/tr[1]/td[1]/font/b"}
  (Session info: chrome=115.0.5790.110); For documentation on this error, please visit: https://www.selenium.dev/documentation/webdriver/troubleshooting/errors#no-such-element-exception
Stacktrace:
Backtrace:
	GetHandleVerifier [0x00E3A813+48355]
	(No symbol) [0x00DCC4B1]
	(No symbol) [0x00CD5358]
	(No symbol) [0x00D009A5]
	(No symbol) [0x00D00B3B]
	(No symbol) [0x00D2E232]
	(No symbol) [0x00D1A784]
	(No symbol) [0x00D2C922]
	(No symbol) [0x00D1A536]
	(No symbol) [0x00CF82DC]
	(No symbol) [0x00CF93DD]
	GetHandleVerifier [0x0109AABD+2539405]
	GetHandleVerifier [0x010DA78F+2800735]
	GetHandleVerifier [0x010D456C+2775612]
	GetHandleVerifier [0x00EC51E0+616112]
	(No symbol) [0x00DD5F8C]
	(No symbol) [0x00DD2328]
	(No symbol) [0x00DD240B]
	(No symbol) [0x00DC4FF7]
	BaseThreadInitThunk [0x76E700C9+25]
	RtlGetAppContainerNamedObjectPath [0x77B57B1E+286]
	RtlGetAppContainerNamedObjectPath [0x77B57AEE+238]

2023-08-02 15:45:04,112 - INFO - No element has been found. Session is not logged.
2023-08-02 15:45:04,113 - INFO - Initiating new web session.
2023-08-02 15:45:50,636 - INFO - Selecting by id the option 0:  tag_name base
2023-08-02 15:45:50,714 - INFO - Selection Done.
2023-08-02 15:45:51,691 - INFO - Login has been Done.
2023-08-02 15:45:53,713 - INFO - Getting table datas.
2023-08-02 15:46:24,591 - INFO - Selecting Class <class 'webscraper.web_scrapper_serial_movement.WebScrapperSerialMovement'> for id 03.
2023-08-02 15:46:28,091 - INFO - Searching for session element.
2023-08-02 15:46:38,141 - WARNING - Not found: Message: no such element: Unable to locate element: {"method":"xpath","selector":"/html/body/form/table[1]/tbody/tr[1]/td[1]/table/tbody/tr/td/table/tbody/tr/td/table/tbody/tr[1]/td[3]/table/tbody/tr[1]/td[1]/font/b"}
  (Session info: chrome=115.0.5790.110); For documentation on this error, please visit: https://www.selenium.dev/documentation/webdriver/troubleshooting/errors#no-such-element-exception
Stacktrace:
Backtrace:
	GetHandleVerifier [0x00E3A813+48355]
	(No symbol) [0x00DCC4B1]
	(No symbol) [0x00CD5358]
	(No symbol) [0x00D009A5]
	(No symbol) [0x00D00B3B]
	(No symbol) [0x00D2E232]
	(No symbol) [0x00D1A784]
	(No symbol) [0x00D2C922]
	(No symbol) [0x00D1A536]
	(No symbol) [0x00CF82DC]
	(No symbol) [0x00CF93DD]
	GetHandleVerifier [0x0109AABD+2539405]
	GetHandleVerifier [0x010DA78F+2800735]
	GetHandleVerifier [0x010D456C+2775612]
	GetHandleVerifier [0x00EC51E0+616112]
	(No symbol) [0x00DD5F8C]
	(No symbol) [0x00DD2328]
	(No symbol) [0x00DD240B]
	(No symbol) [0x00DC4FF7]
	BaseThreadInitThunk [0x76E700C9+25]
	RtlGetAppContainerNamedObjectPath [0x77B57B1E+286]
	RtlGetAppContainerNamedObjectPath [0x77B57AEE+238]

2023-08-02 15:46:38,159 - INFO - Session element has been found: /html/body/table/tbody/tr[1]/td/table/tbody/tr/td/table/tbody/tr/td/table/tbody/tr[1]/td[3]/table/tbody/tr[1]/td[1]/font/b
2023-08-02 15:46:39,605 - INFO - Getting table datas.
2023-08-02 15:54:28,334 - INFO - Initiating...
2023-08-02 15:54:28,345 - INFO - Data has been got with sucess.
2023-08-02 15:54:46,667 - INFO - Selecting Class <class 'webscraper.web_scrapper_serial_consult.WebScrapperSerialConsult'> for id 01.
2023-08-02 15:55:07,394 - INFO - Starting webdriver.
2023-08-02 15:55:08,219 - WARNING - Error on instaling latest webdriver version. Initiating with last stable version: 114.0.5735.90
2023-08-02 15:55:09,693 - INFO - Setting web Session configuration.
2023-08-02 15:55:09,817 - INFO - Setting web Session configuration Done.
2023-08-02 15:55:09,821 - INFO - Searching for session element.
2023-08-02 15:55:19,877 - WARNING - Not found: Message: no such element: Unable to locate element: {"method":"xpath","selector":"/html/body/form/table[1]/tbody/tr[1]/td[1]/table/tbody/tr/td/table/tbody/tr/td/table/tbody/tr[1]/td[3]/table/tbody/tr[1]/td[1]/font/b"}
  (Session info: chrome=115.0.5790.110); For documentation on this error, please visit: https://www.selenium.dev/documentation/webdriver/troubleshooting/errors#no-such-element-exception
Stacktrace:
Backtrace:
	GetHandleVerifier [0x00E3A813+48355]
	(No symbol) [0x00DCC4B1]
	(No symbol) [0x00CD5358]
	(No symbol) [0x00D009A5]
	(No symbol) [0x00D00B3B]
	(No symbol) [0x00D2E232]
	(No symbol) [0x00D1A784]
	(No symbol) [0x00D2C922]
	(No symbol) [0x00D1A536]
	(No symbol) [0x00CF82DC]
	(No symbol) [0x00CF93DD]
	GetHandleVerifier [0x0109AABD+2539405]
	GetHandleVerifier [0x010DA78F+2800735]
	GetHandleVerifier [0x010D456C+2775612]
	GetHandleVerifier [0x00EC51E0+616112]
	(No symbol) [0x00DD5F8C]
	(No symbol) [0x00DD2328]
	(No symbol) [0x00DD240B]
	(No symbol) [0x00DC4FF7]
	BaseThreadInitThunk [0x76E700C9+25]
	RtlGetAppContainerNamedObjectPath [0x77B57B1E+286]
	RtlGetAppContainerNamedObjectPath [0x77B57AEE+238]

2023-08-02 15:55:29,928 - WARNING - Not found: Message: no such element: Unable to locate element: {"method":"xpath","selector":"/html/body/table/tbody/tr[1]/td/table/tbody/tr/td/table/tbody/tr/td/table/tbody/tr[1]/td[3]/table/tbody/tr[1]/td[1]/font/b"}
  (Session info: chrome=115.0.5790.110); For documentation on this error, please visit: https://www.selenium.dev/documentation/webdriver/troubleshooting/errors#no-such-element-exception
Stacktrace:
Backtrace:
	GetHandleVerifier [0x00E3A813+48355]
	(No symbol) [0x00DCC4B1]
	(No symbol) [0x00CD5358]
	(No symbol) [0x00D009A5]
	(No symbol) [0x00D00B3B]
	(No symbol) [0x00D2E232]
	(No symbol) [0x00D1A784]
	(No symbol) [0x00D2C922]
	(No symbol) [0x00D1A536]
	(No symbol) [0x00CF82DC]
	(No symbol) [0x00CF93DD]
	GetHandleVerifier [0x0109AABD+2539405]
	GetHandleVerifier [0x010DA78F+2800735]
	GetHandleVerifier [0x010D456C+2775612]
	GetHandleVerifier [0x00EC51E0+616112]
	(No symbol) [0x00DD5F8C]
	(No symbol) [0x00DD2328]
	(No symbol) [0x00DD240B]
	(No symbol) [0x00DC4FF7]
	BaseThreadInitThunk [0x76E700C9+25]
	RtlGetAppContainerNamedObjectPath [0x77B57B1E+286]
	RtlGetAppContainerNamedObjectPath [0x77B57AEE+238]

2023-08-02 15:55:29,935 - INFO - No element has been found. Session is not logged.
2023-08-02 15:55:29,936 - INFO - Initiating new web session.
2023-08-02 15:56:23,779 - INFO - Selecting by id the option 0:  tag_name base
2023-08-02 15:56:23,863 - INFO - Selection Done.
2023-08-02 15:56:24,569 - INFO - Login has been Done.
2023-08-02 15:56:25,895 - INFO - Getting table datas.
2023-08-02 15:56:42,818 - INFO - Selecting Class <class 'sapinvoicedownloader.sap_invoice_downloader.SapInvoiceDownloader'> for id 03.
2023-08-02 15:59:50,224 - INFO - Initiating...
2023-08-02 15:59:50,226 - INFO - Data has been got with sucess.
2023-08-02 15:59:59,798 - INFO - Selecting Class <class 'webscraper.web_scrapper_serial_consult.WebScrapperSerialConsult'> for id 01.
2023-08-02 16:00:54,473 - INFO - Initiating...
2023-08-02 16:00:54,474 - INFO - Data has been got with sucess.
2023-08-02 16:01:00,384 - INFO - Selecting Class <class 'webscraper.web_scrapper_serial_consult.WebScrapperSerialConsult'> for id 01.
2023-08-02 16:25:54,646 - INFO - Initiating...
2023-08-02 16:25:54,647 - INFO - Data has been got with sucess.
2023-08-02 16:27:16,843 - INFO - Initiating...
2023-08-02 16:27:16,844 - INFO - Data has been got with sucess.
2023-08-02 16:27:37,693 - INFO - Selecting Class <class 'webscraper.web_scrapper_serial_consult.WebScrapperSerialConsult'> for id 01.
2023-08-02 16:27:47,263 - INFO - Starting webdriver.
2023-08-02 16:27:48,005 - WARNING - Error on instaling latest webdriver version. Initiating with last stable version: 114.0.5735.90
2023-08-02 16:27:49,509 - INFO - Setting web Session configuration.
2023-08-02 16:27:49,640 - INFO - Setting web Session configuration Done.
2023-08-02 16:27:49,646 - INFO - Searching for session element.
2023-08-02 16:27:59,665 - WARNING - Not found: Message: no such element: Unable to locate element: {"method":"xpath","selector":"/html/body/form/table[1]/tbody/tr[1]/td[1]/table/tbody/tr/td/table/tbody/tr/td/table/tbody/tr[1]/td[3]/table/tbody/tr[1]/td[1]/font/b"}
  (Session info: chrome=115.0.5790.110); For documentation on this error, please visit: https://www.selenium.dev/documentation/webdriver/troubleshooting/errors#no-such-element-exception
Stacktrace:
Backtrace:
	GetHandleVerifier [0x00E3A813+48355]
	(No symbol) [0x00DCC4B1]
	(No symbol) [0x00CD5358]
	(No symbol) [0x00D009A5]
	(No symbol) [0x00D00B3B]
	(No symbol) [0x00D2E232]
	(No symbol) [0x00D1A784]
	(No symbol) [0x00D2C922]
	(No symbol) [0x00D1A536]
	(No symbol) [0x00CF82DC]
	(No symbol) [0x00CF93DD]
	GetHandleVerifier [0x0109AABD+2539405]
	GetHandleVerifier [0x010DA78F+2800735]
	GetHandleVerifier [0x010D456C+2775612]
	GetHandleVerifier [0x00EC51E0+616112]
	(No symbol) [0x00DD5F8C]
	(No symbol) [0x00DD2328]
	(No symbol) [0x00DD240B]
	(No symbol) [0x00DC4FF7]
	BaseThreadInitThunk [0x76E700C9+25]
	RtlGetAppContainerNamedObjectPath [0x77B57B1E+286]
	RtlGetAppContainerNamedObjectPath [0x77B57AEE+238]

2023-08-02 16:28:09,695 - WARNING - Not found: Message: no such element: Unable to locate element: {"method":"xpath","selector":"/html/body/table/tbody/tr[1]/td/table/tbody/tr/td/table/tbody/tr/td/table/tbody/tr[1]/td[3]/table/tbody/tr[1]/td[1]/font/b"}
  (Session info: chrome=115.0.5790.110); For documentation on this error, please visit: https://www.selenium.dev/documentation/webdriver/troubleshooting/errors#no-such-element-exception
Stacktrace:
Backtrace:
	GetHandleVerifier [0x00E3A813+48355]
	(No symbol) [0x00DCC4B1]
	(No symbol) [0x00CD5358]
	(No symbol) [0x00D009A5]
	(No symbol) [0x00D00B3B]
	(No symbol) [0x00D2E232]
	(No symbol) [0x00D1A784]
	(No symbol) [0x00D2C922]
	(No symbol) [0x00D1A536]
	(No symbol) [0x00CF82DC]
	(No symbol) [0x00CF93DD]
	GetHandleVerifier [0x0109AABD+2539405]
	GetHandleVerifier [0x010DA78F+2800735]
	GetHandleVerifier [0x010D456C+2775612]
	GetHandleVerifier [0x00EC51E0+616112]
	(No symbol) [0x00DD5F8C]
	(No symbol) [0x00DD2328]
	(No symbol) [0x00DD240B]
	(No symbol) [0x00DC4FF7]
	BaseThreadInitThunk [0x76E700C9+25]
	RtlGetAppContainerNamedObjectPath [0x77B57B1E+286]
	RtlGetAppContainerNamedObjectPath [0x77B57AEE+238]

2023-08-02 16:28:09,702 - INFO - No element has been found. Session is not logged.
2023-08-02 16:28:09,702 - INFO - Initiating new web session.
2023-08-02 16:28:45,091 - INFO - Selecting by id the option 0:  tag_name base
2023-08-02 16:28:45,180 - INFO - Selection Done.
2023-08-02 16:28:45,899 - INFO - Login has been Done.
2023-08-02 16:28:47,382 - INFO - Getting table datas.
2023-08-02 16:28:58,434 - INFO - Selecting Class <class 'webscraper.web_scrapper_serial_movement.WebScrapperSerialMovement'> for id 03.
2023-08-02 16:31:59,667 - INFO - Initiating...
2023-08-02 16:31:59,668 - INFO - Data has been got with sucess.
2023-08-02 16:32:01,859 - INFO - Selecting Class <class 'webscraper.web_scrapper_serial_consult.WebScrapperSerialConsult'> for id 01.
2023-08-02 16:32:07,386 - INFO - Starting webdriver.
2023-08-02 16:32:08,042 - WARNING - Error on instaling latest webdriver version. Initiating with last stable version: 114.0.5735.90
2023-08-02 16:32:09,550 - INFO - Setting web Session configuration.
2023-08-02 16:32:09,670 - INFO - Setting web Session configuration Done.
2023-08-02 16:32:09,674 - INFO - Searching for session element.
2023-08-02 16:32:19,707 - WARNING - Not found: Message: no such element: Unable to locate element: {"method":"xpath","selector":"/html/body/form/table[1]/tbody/tr[1]/td[1]/table/tbody/tr/td/table/tbody/tr/td/table/tbody/tr[1]/td[3]/table/tbody/tr[1]/td[1]/font/b"}
  (Session info: chrome=115.0.5790.110); For documentation on this error, please visit: https://www.selenium.dev/documentation/webdriver/troubleshooting/errors#no-such-element-exception
Stacktrace:
Backtrace:
	GetHandleVerifier [0x00E3A813+48355]
	(No symbol) [0x00DCC4B1]
	(No symbol) [0x00CD5358]
	(No symbol) [0x00D009A5]
	(No symbol) [0x00D00B3B]
	(No symbol) [0x00D2E232]
	(No symbol) [0x00D1A784]
	(No symbol) [0x00D2C922]
	(No symbol) [0x00D1A536]
	(No symbol) [0x00CF82DC]
	(No symbol) [0x00CF93DD]
	GetHandleVerifier [0x0109AABD+2539405]
	GetHandleVerifier [0x010DA78F+2800735]
	GetHandleVerifier [0x010D456C+2775612]
	GetHandleVerifier [0x00EC51E0+616112]
	(No symbol) [0x00DD5F8C]
	(No symbol) [0x00DD2328]
	(No symbol) [0x00DD240B]
	(No symbol) [0x00DC4FF7]
	BaseThreadInitThunk [0x76E700C9+25]
	RtlGetAppContainerNamedObjectPath [0x77B57B1E+286]
	RtlGetAppContainerNamedObjectPath [0x77B57AEE+238]

2023-08-02 16:32:29,726 - WARNING - Not found: Message: no such element: Unable to locate element: {"method":"xpath","selector":"/html/body/table/tbody/tr[1]/td/table/tbody/tr/td/table/tbody/tr/td/table/tbody/tr[1]/td[3]/table/tbody/tr[1]/td[1]/font/b"}
  (Session info: chrome=115.0.5790.110); For documentation on this error, please visit: https://www.selenium.dev/documentation/webdriver/troubleshooting/errors#no-such-element-exception
Stacktrace:
Backtrace:
	GetHandleVerifier [0x00E3A813+48355]
	(No symbol) [0x00DCC4B1]
	(No symbol) [0x00CD5358]
	(No symbol) [0x00D009A5]
	(No symbol) [0x00D00B3B]
	(No symbol) [0x00D2E232]
	(No symbol) [0x00D1A784]
	(No symbol) [0x00D2C922]
	(No symbol) [0x00D1A536]
	(No symbol) [0x00CF82DC]
	(No symbol) [0x00CF93DD]
	GetHandleVerifier [0x0109AABD+2539405]
	GetHandleVerifier [0x010DA78F+2800735]
	GetHandleVerifier [0x010D456C+2775612]
	GetHandleVerifier [0x00EC51E0+616112]
	(No symbol) [0x00DD5F8C]
	(No symbol) [0x00DD2328]
	(No symbol) [0x00DD240B]
	(No symbol) [0x00DC4FF7]
	BaseThreadInitThunk [0x76E700C9+25]
	RtlGetAppContainerNamedObjectPath [0x77B57B1E+286]
	RtlGetAppContainerNamedObjectPath [0x77B57AEE+238]

2023-08-02 16:32:29,733 - INFO - No element has been found. Session is not logged.
2023-08-02 16:32:29,734 - INFO - Initiating new web session.
2023-08-02 16:32:59,057 - INFO - Selecting by id the option 0:  tag_name base
2023-08-02 16:32:59,135 - INFO - Selection Done.
2023-08-02 16:32:59,862 - INFO - Login has been Done.
2023-08-02 16:33:00,804 - INFO - Getting table datas.
2023-08-02 16:33:08,026 - INFO - Selecting Class <class 'webscraper.web_scrapper_serial_movement.WebScrapperSerialMovement'> for id 03.
2023-08-02 16:36:09,415 - INFO - Initiating...
2023-08-02 16:36:09,426 - INFO - Data has been got with sucess.
2023-08-02 16:36:16,078 - INFO - Selecting Class <class 'webscraper.web_scrapper_serial_consult.WebScrapperSerialConsult'> for id 01.
2023-08-02 16:36:19,535 - INFO - Starting webdriver.
2023-08-02 16:36:20,298 - WARNING - Error on instaling latest webdriver version. Initiating with last stable version: 114.0.5735.90
2023-08-02 16:36:21,746 - INFO - Setting web Session configuration.
2023-08-02 16:36:21,885 - INFO - Setting web Session configuration Done.
2023-08-02 16:36:21,890 - INFO - Searching for session element.
2023-08-02 16:36:31,924 - WARNING - Not found: Message: no such element: Unable to locate element: {"method":"xpath","selector":"/html/body/form/table[1]/tbody/tr[1]/td[1]/table/tbody/tr/td/table/tbody/tr/td/table/tbody/tr[1]/td[3]/table/tbody/tr[1]/td[1]/font/b"}
  (Session info: chrome=115.0.5790.110); For documentation on this error, please visit: https://www.selenium.dev/documentation/webdriver/troubleshooting/errors#no-such-element-exception
Stacktrace:
Backtrace:
	GetHandleVerifier [0x00E3A813+48355]
	(No symbol) [0x00DCC4B1]
	(No symbol) [0x00CD5358]
	(No symbol) [0x00D009A5]
	(No symbol) [0x00D00B3B]
	(No symbol) [0x00D2E232]
	(No symbol) [0x00D1A784]
	(No symbol) [0x00D2C922]
	(No symbol) [0x00D1A536]
	(No symbol) [0x00CF82DC]
	(No symbol) [0x00CF93DD]
	GetHandleVerifier [0x0109AABD+2539405]
	GetHandleVerifier [0x010DA78F+2800735]
	GetHandleVerifier [0x010D456C+2775612]
	GetHandleVerifier [0x00EC51E0+616112]
	(No symbol) [0x00DD5F8C]
	(No symbol) [0x00DD2328]
	(No symbol) [0x00DD240B]
	(No symbol) [0x00DC4FF7]
	BaseThreadInitThunk [0x76E700C9+25]
	RtlGetAppContainerNamedObjectPath [0x77B57B1E+286]
	RtlGetAppContainerNamedObjectPath [0x77B57AEE+238]

2023-08-02 16:36:42,004 - WARNING - Not found: Message: no such element: Unable to locate element: {"method":"xpath","selector":"/html/body/table/tbody/tr[1]/td/table/tbody/tr/td/table/tbody/tr/td/table/tbody/tr[1]/td[3]/table/tbody/tr[1]/td[1]/font/b"}
  (Session info: chrome=115.0.5790.110); For documentation on this error, please visit: https://www.selenium.dev/documentation/webdriver/troubleshooting/errors#no-such-element-exception
Stacktrace:
Backtrace:
	GetHandleVerifier [0x00E3A813+48355]
	(No symbol) [0x00DCC4B1]
	(No symbol) [0x00CD5358]
	(No symbol) [0x00D009A5]
	(No symbol) [0x00D00B3B]
	(No symbol) [0x00D2E232]
	(No symbol) [0x00D1A784]
	(No symbol) [0x00D2C922]
	(No symbol) [0x00D1A536]
	(No symbol) [0x00CF82DC]
	(No symbol) [0x00CF93DD]
	GetHandleVerifier [0x0109AABD+2539405]
	GetHandleVerifier [0x010DA78F+2800735]
	GetHandleVerifier [0x010D456C+2775612]
	GetHandleVerifier [0x00EC51E0+616112]
	(No symbol) [0x00DD5F8C]
	(No symbol) [0x00DD2328]
	(No symbol) [0x00DD240B]
	(No symbol) [0x00DC4FF7]
	BaseThreadInitThunk [0x76E700C9+25]
	RtlGetAppContainerNamedObjectPath [0x77B57B1E+286]
	RtlGetAppContainerNamedObjectPath [0x77B57AEE+238]

2023-08-02 16:36:42,012 - INFO - No element has been found. Session is not logged.
2023-08-02 16:36:42,012 - INFO - Initiating new web session.
2023-08-02 16:37:22,492 - INFO - Selecting by id the option 0:  tag_name base
2023-08-02 16:37:22,572 - INFO - Selection Done.
2023-08-02 16:37:23,154 - INFO - Login has been Done.
2023-08-02 16:37:24,106 - INFO - Getting table datas.
2023-08-02 16:37:44,459 - INFO - Selecting Class <class 'webscraper.web_scrapper_serial_consult.WebScrapperSerialConsult'> for id 03.
2023-08-02 16:37:48,251 - INFO - Searching for session element.
2023-08-02 16:37:58,297 - WARNING - Not found: Message: no such element: Unable to locate element: {"method":"xpath","selector":"/html/body/form/table[1]/tbody/tr[1]/td[1]/table/tbody/tr/td/table/tbody/tr/td/table/tbody/tr[1]/td[3]/table/tbody/tr[1]/td[1]/font/b"}
  (Session info: chrome=115.0.5790.110); For documentation on this error, please visit: https://www.selenium.dev/documentation/webdriver/troubleshooting/errors#no-such-element-exception
Stacktrace:
Backtrace:
	GetHandleVerifier [0x00E3A813+48355]
	(No symbol) [0x00DCC4B1]
	(No symbol) [0x00CD5358]
	(No symbol) [0x00D009A5]
	(No symbol) [0x00D00B3B]
	(No symbol) [0x00D2E232]
	(No symbol) [0x00D1A784]
	(No symbol) [0x00D2C922]
	(No symbol) [0x00D1A536]
	(No symbol) [0x00CF82DC]
	(No symbol) [0x00CF93DD]
	GetHandleVerifier [0x0109AABD+2539405]
	GetHandleVerifier [0x010DA78F+2800735]
	GetHandleVerifier [0x010D456C+2775612]
	GetHandleVerifier [0x00EC51E0+616112]
	(No symbol) [0x00DD5F8C]
	(No symbol) [0x00DD2328]
	(No symbol) [0x00DD240B]
	(No symbol) [0x00DC4FF7]
	BaseThreadInitThunk [0x76E700C9+25]
	RtlGetAppContainerNamedObjectPath [0x77B57B1E+286]
	RtlGetAppContainerNamedObjectPath [0x77B57AEE+238]

2023-08-02 16:37:58,315 - INFO - Session element has been found: /html/body/table/tbody/tr[1]/td/table/tbody/tr/td/table/tbody/tr/td/table/tbody/tr[1]/td[3]/table/tbody/tr[1]/td[1]/font/b
2023-08-02 16:37:59,198 - INFO - Getting table datas.
2023-08-02 16:38:10,696 - INFO - Selecting Class <class 'webscraper.web_scrapper_serial_movement.WebScrapperSerialMovement'> for id 09.
2023-08-02 16:38:39,350 - INFO - Starting webdriver.
2023-08-02 16:38:47,909 - INFO - Searching for session element.
2023-08-02 16:38:57,944 - WARNING - Not found: Message: no such element: Unable to locate element: {"method":"xpath","selector":"/html/body/form/table[1]/tbody/tr[1]/td[1]/table/tbody/tr/td/table/tbody/tr/td/table/tbody/tr[1]/td[3]/table/tbody/tr[1]/td[1]/font/b"}
  (Session info: chrome=115.0.5790.110); For documentation on this error, please visit: https://www.selenium.dev/documentation/webdriver/troubleshooting/errors#no-such-element-exception
Stacktrace:
Backtrace:
	GetHandleVerifier [0x00E3A813+48355]
	(No symbol) [0x00DCC4B1]
	(No symbol) [0x00CD5358]
	(No symbol) [0x00D009A5]
	(No symbol) [0x00D00B3B]
	(No symbol) [0x00D2E232]
	(No symbol) [0x00D1A784]
	(No symbol) [0x00D2C922]
	(No symbol) [0x00D1A536]
	(No symbol) [0x00CF82DC]
	(No symbol) [0x00CF93DD]
	GetHandleVerifier [0x0109AABD+2539405]
	GetHandleVerifier [0x010DA78F+2800735]
	GetHandleVerifier [0x010D456C+2775612]
	GetHandleVerifier [0x00EC51E0+616112]
	(No symbol) [0x00DD5F8C]
	(No symbol) [0x00DD2328]
	(No symbol) [0x00DD240B]
	(No symbol) [0x00DC4FF7]
	BaseThreadInitThunk [0x76E700C9+25]
	RtlGetAppContainerNamedObjectPath [0x77B57B1E+286]
	RtlGetAppContainerNamedObjectPath [0x77B57AEE+238]

2023-08-02 16:38:57,958 - INFO - Session element has been found: /html/body/table/tbody/tr[1]/td/table/tbody/tr/td/table/tbody/tr/td/table/tbody/tr[1]/td[3]/table/tbody/tr[1]/td[1]/font/b
2023-08-02 16:38:58,782 - INFO - Getting table datas.
